<?xml version="1.0" encoding="UTF-8"?>
<!-- Generated by org.testng.reporters.JUnitReportReporter -->
<testsuite skipped="0" hostname="sopansa-w7" name="com.test.zapirest.ZapiRest.TestSuite" tests="2" failures="0" timestamp="08 May 2018 06:24:10 GMT" time="0.025" errors="0">
  <testcase name="firstTest" time="0.023" classname="com.test.zapirest.ZapiRest.TestSuite"/>
  <testcase name="secondTest" time="0.002" classname="com.test.zapirest.ZapiRest.TestSuite"/>
</testsuite> <!-- com.test.zapirest.ZapiRest.TestSuite -->
